  [1m[35m (525.9ms)[0m  [1m[35mCREATE DATABASE "mercadofechado_development" ENCODING = 'unicode'[0m
  ↳ /usr/local/bin/rake:23
  [1m[35m (544.0ms)[0m  [1m[35mCREATE DATABASE "mercadofechado_test" ENCODING = 'unicode'[0m
  ↳ /usr/local/bin/rake:23
  [1m[35m (77.0ms)[0m  [1m[35mCREATE TABLE "schema_migrations" ("version" character varying NOT NULL PRIMARY KEY)[0m
  ↳ /usr/local/bin/rake:23
  [1m[35m (79.7ms)[0m  [1m[35mCREATE TABLE "ar_internal_metadata" ("key" character varying NOT NULL PRIMARY KEY, "value" character varying, "created_at" timestamp NOT NULL, "updated_at" timestamp NOT NULL)[0m
  ↳ /usr/local/bin/rake:23
  [1m[35m (0.4ms)[0m  [1m[34mSELECT pg_try_advisory_lock(3740294955014829540)[0m
  ↳ /usr/local/bin/rake:23
  [1m[35m (0.4ms)[0m  [1m[34mSELECT "schema_migrations"."version" FROM "schema_migrations" ORDER BY "schema_migrations"."version" ASC[0m
  ↳ /usr/local/bin/rake:23
Migrating to CreateProducts (20180628222804)
  [1m[35m (0.1ms)[0m  [1m[35mBEGIN[0m
  ↳ /usr/local/bin/rake:23
  [1m[35m (73.2ms)[0m  [1m[35mCREATE TABLE "products" ("id" bigserial primary key, "title" character varying, "description" text, "price" float, "created_at" timestamp NOT NULL, "updated_at" timestamp NOT NULL)[0m
  ↳ db/migrate/20180628222804_create_products.rb:3
  [1m[36mActiveRecord::SchemaMigration Create (0.6ms)[0m  [1m[32mINSERT INTO "schema_migrations" ("version") VALUES ($1) RETURNING "version"[0m  [["version", "20180628222804"]]
  ↳ /usr/local/bin/rake:23
  [1m[35m (12.4ms)[0m  [1m[35mCOMMIT[0m
  ↳ /usr/local/bin/rake:23
Migrating to CreateCategories (20180628222813)
  [1m[35m (0.3ms)[0m  [1m[35mBEGIN[0m
  ↳ /usr/local/bin/rake:23
  [1m[35m (68.8ms)[0m  [1m[35mCREATE TABLE "categories" ("id" bigserial primary key, "name" character varying, "description" text, "created_at" timestamp NOT NULL, "updated_at" timestamp NOT NULL)[0m
  ↳ db/migrate/20180628222813_create_categories.rb:3
  [1m[36mActiveRecord::SchemaMigration Create (0.5ms)[0m  [1m[32mINSERT INTO "schema_migrations" ("version") VALUES ($1) RETURNING "version"[0m  [["version", "20180628222813"]]
  ↳ /usr/local/bin/rake:23
  [1m[35m (9.6ms)[0m  [1m[35mCOMMIT[0m
  ↳ /usr/local/bin/rake:23
  [1m[36mActiveRecord::InternalMetadata Load (0.5ms)[0m  [1m[34mSELECT  "ar_internal_metadata".* FROM "ar_internal_metadata" WHERE "ar_internal_metadata"."key" = $1 LIMIT $2[0m  [["key", "environment"], ["LIMIT", 1]]
  ↳ /usr/local/bin/rake:23
  [1m[35m (0.2ms)[0m  [1m[35mBEGIN[0m
  ↳ /usr/local/bin/rake:23
  [1m[36mActiveRecord::InternalMetadata Create (0.8ms)[0m  [1m[32mINSERT INTO "ar_internal_metadata" ("key", "value", "created_at", "updated_at") VALUES ($1, $2, $3, $4) RETURNING "key"[0m  [["key", "environment"], ["value", "development"], ["created_at", "2018-06-28 22:28:31.811215"], ["updated_at", "2018-06-28 22:28:31.811215"]]
  ↳ /usr/local/bin/rake:23
  [1m[35m (6.7ms)[0m  [1m[35mCOMMIT[0m
  ↳ /usr/local/bin/rake:23
  [1m[35m (0.4ms)[0m  [1m[34mSELECT pg_advisory_unlock(3740294955014829540)[0m
  ↳ /usr/local/bin/rake:23
  [1m[35m (0.5ms)[0m  [1m[34mSELECT "schema_migrations"."version" FROM "schema_migrations" ORDER BY "schema_migrations"."version" ASC[0m
  ↳ /usr/local/bin/rake:23
Started GET "/" for 127.0.0.1 at 2018-06-28 19:33:22 -0300
  [1m[35m (0.5ms)[0m  [1m[34mSELECT "schema_migrations"."version" FROM "schema_migrations" ORDER BY "schema_migrations"."version" ASC[0m
  ↳ /var/lib/gems/2.3.0/gems/activerecord-5.2.0/lib/active_record/log_subscriber.rb:98
Processing by ProductsController#homepage as HTML
  Rendering products/homepage.html.erb within layouts/application
  [1m[36mProduct Load (0.5ms)[0m  [1m[34mSELECT "products".* FROM "products"[0m
  ↳ app/views/products/homepage.html.erb:2
  Rendered products/homepage.html.erb within layouts/application (4.7ms)
  [1m[36mProduct Load (0.3ms)[0m  [1m[34mSELECT  "products".* FROM "products" LIMIT $1[0m  [["LIMIT", 11]]
  ↳ /usr/lib/ruby/vendor_ruby/did_you_mean/core_ext/name_error.rb:10
  [1m[36mProduct Load (0.2ms)[0m  [1m[34mSELECT  "products".* FROM "products" LIMIT $1[0m  [["LIMIT", 11]]
  ↳ /usr/lib/ruby/vendor_ruby/did_you_mean/core_ext/name_error.rb:10
  [1m[36mProduct Load (0.3ms)[0m  [1m[34mSELECT  "products".* FROM "products" LIMIT $1[0m  [["LIMIT", 11]]
  ↳ /usr/lib/ruby/vendor_ruby/did_you_mean/core_ext/name_error.rb:10
  [1m[36mProduct Load (0.3ms)[0m  [1m[34mSELECT  "products".* FROM "products" LIMIT $1[0m  [["LIMIT", 11]]
  ↳ /usr/lib/ruby/vendor_ruby/did_you_mean/core_ext/name_error.rb:10
  Rendered layouts/_menu.html.erb (155.7ms)
Completed 500 Internal Server Error in 2788ms (ActiveRecord: 2.8ms)


  
ActionView::Template::Error (undefined method `user_signed_in?' for #<#<Class:0x00000002372d58>:0x000000023f2f08>):
     8: 
     9:     <ul class="nav navbar-nav navbar-right">
    10:       <p class="navbar-text pull-right">
    11:         <% if user_signed_in? %>
    12:           Logged in as <strong><%= current_user.email %></strong>.
    13:           <%= link_to 'Edit profile', edit_user_registration_path, :class => 'navbar-link' %> |
    14:           <%= link_to "Logout", destroy_user_session_path, method: :delete, :class => 'navbar-link' %>
  
app/views/layouts/_menu.html.erb:11:in `_app_views_layouts__menu_html_erb__4014179674247547839_18430900'
app/views/layouts/application.html.erb:13:in `_app_views_layouts_application_html_erb___530670103082381298_20365780'
  [1m[35m (0.2ms)[0m  [1m[34mSELECT pg_try_advisory_lock(3740294955014829540)[0m
  ↳ /usr/local/bin/rake:23
  [1m[35m (0.4ms)[0m  [1m[34mSELECT "schema_migrations"."version" FROM "schema_migrations" ORDER BY "schema_migrations"."version" ASC[0m
  ↳ /usr/local/bin/rake:23
Migrating to DeviseCreateUsers (20180628223437)
  [1m[35m (0.1ms)[0m  [1m[35mBEGIN[0m
  ↳ /usr/local/bin/rake:23
  [1m[35m (55.0ms)[0m  [1m[35mCREATE TABLE "users" ("id" bigserial primary key, "email" character varying DEFAULT '' NOT NULL, "encrypted_password" character varying DEFAULT '' NOT NULL, "name" character varying, "address" character varying, "telephone" character varying, "reset_password_token" character varying, "reset_password_sent_at" timestamp, "remember_created_at" timestamp, "sign_in_count" integer DEFAULT 0 NOT NULL, "current_sign_in_at" timestamp, "last_sign_in_at" timestamp, "current_sign_in_ip" inet, "last_sign_in_ip" inet, "created_at" timestamp NOT NULL, "updated_at" timestamp NOT NULL)[0m
  ↳ db/migrate/20180628223437_devise_create_users.rb:5
  [1m[35m (21.9ms)[0m  [1m[35mCREATE UNIQUE INDEX  "index_users_on_email" ON "users"  ("email")[0m
  ↳ db/migrate/20180628223437_devise_create_users.rb:42
  [1m[35m (22.4ms)[0m  [1m[35mCREATE UNIQUE INDEX  "index_users_on_reset_password_token" ON "users"  ("reset_password_token")[0m
  ↳ db/migrate/20180628223437_devise_create_users.rb:43
  [1m[36mActiveRecord::SchemaMigration Create (0.5ms)[0m  [1m[32mINSERT INTO "schema_migrations" ("version") VALUES ($1) RETURNING "version"[0m  [["version", "20180628223437"]]
  ↳ /usr/local/bin/rake:23
  [1m[35m (16.7ms)[0m  [1m[35mCOMMIT[0m
  ↳ /usr/local/bin/rake:23
  [1m[36mActiveRecord::InternalMetadata Load (0.6ms)[0m  [1m[34mSELECT  "ar_internal_metadata".* FROM "ar_internal_metadata" WHERE "ar_internal_metadata"."key" = $1 LIMIT $2[0m  [["key", "environment"], ["LIMIT", 1]]
  ↳ /usr/local/bin/rake:23
  [1m[35m (0.3ms)[0m  [1m[35mBEGIN[0m
  ↳ /usr/local/bin/rake:23
  [1m[35m (0.3ms)[0m  [1m[35mCOMMIT[0m
  ↳ /usr/local/bin/rake:23
  [1m[35m (0.4ms)[0m  [1m[34mSELECT pg_advisory_unlock(3740294955014829540)[0m
  ↳ /usr/local/bin/rake:23
  [1m[35m (0.4ms)[0m  [1m[34mSELECT "schema_migrations"."version" FROM "schema_migrations" ORDER BY "schema_migrations"."version" ASC[0m
  ↳ /usr/local/bin/rake:23
Started GET "/" for 127.0.0.1 at 2018-06-28 19:36:13 -0300
  [1m[35m (0.5ms)[0m  [1m[34mSELECT "schema_migrations"."version" FROM "schema_migrations" ORDER BY "schema_migrations"."version" ASC[0m
  ↳ /var/lib/gems/2.3.0/gems/activerecord-5.2.0/lib/active_record/log_subscriber.rb:98
Processing by ProductsController#homepage as HTML
  Rendering products/homepage.html.erb within layouts/application
  [1m[36mProduct Load (0.4ms)[0m  [1m[34mSELECT "products".* FROM "products"[0m
  ↳ app/views/products/homepage.html.erb:2
  Rendered products/homepage.html.erb within layouts/application (5.2ms)
  Rendered layouts/_menu.html.erb (3.4ms)
Completed 200 OK in 187ms (Views: 178.0ms | ActiveRecord: 1.5ms)


Started GET "/" for 127.0.0.1 at 2018-06-28 19:36:21 -0300
Processing by ProductsController#homepage as HTML
  Rendering products/homepage.html.erb within layouts/application
  [1m[36mProduct Load (0.4ms)[0m  [1m[34mSELECT "products".* FROM "products"[0m
  ↳ app/views/products/homepage.html.erb:2
  Rendered products/homepage.html.erb within layouts/application (1.5ms)
  Rendered layouts/_menu.html.erb (1.0ms)
Completed 200 OK in 20ms (Views: 18.3ms | ActiveRecord: 0.4ms)


Started GET "/products/homepage" for 127.0.0.1 at 2018-06-28 19:36:22 -0300
Processing by ProductsController#homepage as HTML
  Rendering products/homepage.html.erb within layouts/application
  [1m[36mProduct Load (0.5ms)[0m  [1m[34mSELECT "products".* FROM "products"[0m
  ↳ app/views/products/homepage.html.erb:2
  Rendered products/homepage.html.erb within layouts/application (1.5ms)
  Rendered layouts/_menu.html.erb (1.6ms)
Completed 200 OK in 33ms (Views: 31.0ms | ActiveRecord: 0.5ms)


Started GET "/products" for 127.0.0.1 at 2018-06-28 19:36:23 -0300
Processing by ProductsController#index as HTML
  Rendering products/index.html.erb within layouts/application
  [1m[36mProduct Load (0.2ms)[0m  [1m[34mSELECT "products".* FROM "products"[0m
  ↳ app/views/products/index.html.erb:20
  Rendered products/index.html.erb within layouts/application (1.8ms)
  Rendered layouts/_menu.html.erb (2.5ms)
Completed 200 OK in 31ms (Views: 29.1ms | ActiveRecord: 0.2ms)


Started GET "/categories" for 127.0.0.1 at 2018-06-28 19:36:24 -0300
Processing by CategoriesController#index as HTML
  Rendering categories/index.html.erb within layouts/application
  [1m[36mCategory Load (0.4ms)[0m  [1m[34mSELECT "categories".* FROM "categories"[0m
  ↳ app/views/categories/index.html.erb:15
  Rendered categories/index.html.erb within layouts/application (5.4ms)
  Rendered layouts/_menu.html.erb (1.1ms)
Completed 200 OK in 34ms (Views: 29.6ms | ActiveRecord: 2.3ms)


Started GET "/users/sign_up" for 127.0.0.1 at 2018-06-28 19:36:25 -0300
Processing by Devise::RegistrationsController#new as HTML
  Rendering /var/lib/gems/2.3.0/gems/devise-4.4.3/app/views/devise/registrations/new.html.erb within layouts/application
  Rendered /var/lib/gems/2.3.0/gems/devise-4.4.3/app/views/devise/shared/_links.html.erb (1.2ms)
  Rendered /var/lib/gems/2.3.0/gems/devise-4.4.3/app/views/devise/registrations/new.html.erb within layouts/application (69.2ms)
  Rendered layouts/_menu.html.erb (0.8ms)
Completed 200 OK in 134ms (Views: 96.5ms | ActiveRecord: 6.3ms)


Started GET "/users/sign_in" for 127.0.0.1 at 2018-06-28 19:36:25 -0300
Processing by Devise::SessionsController#new as HTML
  Rendering /var/lib/gems/2.3.0/gems/devise-4.4.3/app/views/devise/sessions/new.html.erb within layouts/application
  Rendered /var/lib/gems/2.3.0/gems/devise-4.4.3/app/views/devise/shared/_links.html.erb (2.4ms)
  Rendered /var/lib/gems/2.3.0/gems/devise-4.4.3/app/views/devise/sessions/new.html.erb within layouts/application (14.9ms)
  Rendered layouts/_menu.html.erb (0.9ms)
Completed 200 OK in 44ms (Views: 40.3ms | ActiveRecord: 0.0ms)


Started GET "/users/sign_up" for 127.0.0.1 at 2018-06-28 19:36:26 -0300
Processing by Devise::RegistrationsController#new as HTML
  Rendering /var/lib/gems/2.3.0/gems/devise-4.4.3/app/views/devise/registrations/new.html.erb within layouts/application
  Rendered /var/lib/gems/2.3.0/gems/devise-4.4.3/app/views/devise/shared/_links.html.erb (1.4ms)
  Rendered /var/lib/gems/2.3.0/gems/devise-4.4.3/app/views/devise/registrations/new.html.erb within layouts/application (6.6ms)
  Rendered layouts/_menu.html.erb (1.0ms)
Completed 200 OK in 34ms (Views: 32.9ms | ActiveRecord: 0.0ms)


Started GET "/categories" for 127.0.0.1 at 2018-06-28 19:36:26 -0300
Processing by CategoriesController#index as HTML
  Rendering categories/index.html.erb within layouts/application
  [1m[36mCategory Load (0.4ms)[0m  [1m[34mSELECT "categories".* FROM "categories"[0m
  ↳ app/views/categories/index.html.erb:15
  Rendered categories/index.html.erb within layouts/application (2.6ms)
  Rendered layouts/_menu.html.erb (1.1ms)
Completed 200 OK in 37ms (Views: 34.4ms | ActiveRecord: 0.4ms)


Started GET "/products" for 127.0.0.1 at 2018-06-28 19:36:26 -0300
Processing by ProductsController#index as HTML
  Rendering products/index.html.erb within layouts/application
  [1m[36mProduct Load (0.5ms)[0m  [1m[34mSELECT "products".* FROM "products"[0m
  ↳ app/views/products/index.html.erb:20
  Rendered products/index.html.erb within layouts/application (2.6ms)
  Rendered layouts/_menu.html.erb (1.0ms)
Completed 200 OK in 35ms (Views: 32.9ms | ActiveRecord: 0.5ms)


Started GET "/products/homepage" for 127.0.0.1 at 2018-06-28 19:36:27 -0300
Processing by ProductsController#homepage as HTML
  Rendering products/homepage.html.erb within layouts/application
  [1m[36mProduct Load (0.5ms)[0m  [1m[34mSELECT "products".* FROM "products"[0m
  ↳ app/views/products/homepage.html.erb:2
  Rendered products/homepage.html.erb within layouts/application (2.0ms)
  Rendered layouts/_menu.html.erb (1.1ms)
Completed 200 OK in 35ms (Views: 32.4ms | ActiveRecord: 0.5ms)


Started GET "/products/homepage" for 127.0.0.1 at 2018-06-28 19:39:56 -0300
  [1m[35m (0.5ms)[0m  [1m[34mSELECT "schema_migrations"."version" FROM "schema_migrations" ORDER BY "schema_migrations"."version" ASC[0m
  ↳ /var/lib/gems/2.3.0/gems/activerecord-5.2.0/lib/active_record/log_subscriber.rb:98
Processing by ProductsController#homepage as HTML
  Rendering products/homepage.html.erb within layouts/application
  [1m[36mProduct Load (0.5ms)[0m  [1m[34mSELECT "products".* FROM "products"[0m
  ↳ app/views/products/homepage.html.erb:2
  Rendered products/homepage.html.erb within layouts/application (4.1ms)
  Rendered layouts/_menu.html.erb (3.5ms)
Completed 200 OK in 4429ms (Views: 4419.1ms | ActiveRecord: 1.5ms)


Started GET "/categories" for 127.0.0.1 at 2018-06-28 19:40:02 -0300
Processing by CategoriesController#index as HTML
  Rendering categories/index.html.erb within layouts/application
  [1m[36mCategory Load (0.4ms)[0m  [1m[34mSELECT "categories".* FROM "categories"[0m
  ↳ app/views/categories/index.html.erb:15
  Rendered categories/index.html.erb within layouts/application (4.9ms)
  Rendered layouts/_menu.html.erb (1.0ms)
Completed 200 OK in 53ms (Views: 48.1ms | ActiveRecord: 2.8ms)


Started GET "/products/homepage" for 127.0.0.1 at 2018-06-28 19:40:03 -0300
Processing by ProductsController#homepage as HTML
  Rendering products/homepage.html.erb within layouts/application
  [1m[36mProduct Load (0.7ms)[0m  [1m[34mSELECT "products".* FROM "products"[0m
  ↳ app/views/products/homepage.html.erb:2
  Rendered products/homepage.html.erb within layouts/application (2.7ms)
  Rendered layouts/_menu.html.erb (0.9ms)
Completed 200 OK in 55ms (Views: 52.0ms | ActiveRecord: 0.7ms)


Started GET "/products" for 127.0.0.1 at 2018-06-28 19:40:03 -0300
Processing by ProductsController#index as HTML
  Rendering products/index.html.erb within layouts/application
  [1m[36mProduct Load (0.3ms)[0m  [1m[34mSELECT "products".* FROM "products"[0m
  ↳ app/views/products/index.html.erb:20
  Rendered products/index.html.erb within layouts/application (1.4ms)
  Rendered layouts/_menu.html.erb (1.5ms)
Completed 200 OK in 52ms (Views: 49.7ms | ActiveRecord: 0.3ms)


Started GET "/categories" for 127.0.0.1 at 2018-06-28 19:40:04 -0300
Processing by CategoriesController#index as HTML
  Rendering categories/index.html.erb within layouts/application
  [1m[36mCategory Load (0.4ms)[0m  [1m[34mSELECT "categories".* FROM "categories"[0m
  ↳ app/views/categories/index.html.erb:15
  Rendered categories/index.html.erb within layouts/application (2.8ms)
  Rendered layouts/_menu.html.erb (1.0ms)
Completed 200 OK in 63ms (Views: 61.1ms | ActiveRecord: 0.4ms)


Started GET "/products" for 127.0.0.1 at 2018-06-28 19:40:05 -0300
Processing by ProductsController#index as HTML
  Rendering products/index.html.erb within layouts/application
  [1m[36mProduct Load (0.3ms)[0m  [1m[34mSELECT "products".* FROM "products"[0m
  ↳ app/views/products/index.html.erb:20
  Rendered products/index.html.erb within layouts/application (1.6ms)
  Rendered layouts/_menu.html.erb (0.9ms)
Completed 200 OK in 54ms (Views: 51.0ms | ActiveRecord: 0.3ms)


Started GET "/products/homepage" for 127.0.0.1 at 2018-06-28 19:40:05 -0300
Processing by ProductsController#homepage as HTML
  Rendering products/homepage.html.erb within layouts/application
  [1m[36mProduct Load (0.4ms)[0m  [1m[34mSELECT "products".* FROM "products"[0m
  ↳ app/views/products/homepage.html.erb:2
  Rendered products/homepage.html.erb within layouts/application (2.0ms)
  Rendered layouts/_menu.html.erb (1.1ms)
Completed 200 OK in 65ms (Views: 63.5ms | ActiveRecord: 0.4ms)


Started GET "/products" for 127.0.0.1 at 2018-06-28 19:40:06 -0300
Processing by ProductsController#index as HTML
  Rendering products/index.html.erb within layouts/application
  [1m[36mProduct Load (0.5ms)[0m  [1m[34mSELECT "products".* FROM "products"[0m
  ↳ app/views/products/index.html.erb:20
  Rendered products/index.html.erb within layouts/application (3.7ms)
  Rendered layouts/_menu.html.erb (1.0ms)
Completed 200 OK in 66ms (Views: 63.5ms | ActiveRecord: 0.5ms)


Started GET "/categories" for 127.0.0.1 at 2018-06-28 19:40:06 -0300
Processing by CategoriesController#index as HTML
  Rendering categories/index.html.erb within layouts/application
  [1m[36mCategory Load (0.4ms)[0m  [1m[34mSELECT "categories".* FROM "categories"[0m
  ↳ app/views/categories/index.html.erb:15
  Rendered categories/index.html.erb within layouts/application (2.5ms)
  Rendered layouts/_menu.html.erb (0.8ms)
Completed 200 OK in 57ms (Views: 54.5ms | ActiveRecord: 0.4ms)


Started GET "/products" for 127.0.0.1 at 2018-06-28 19:40:07 -0300
Processing by ProductsController#index as HTML
  Rendering products/index.html.erb within layouts/application
  [1m[36mProduct Load (0.3ms)[0m  [1m[34mSELECT "products".* FROM "products"[0m
  ↳ app/views/products/index.html.erb:20
  Rendered products/index.html.erb within layouts/application (1.5ms)
  Rendered layouts/_menu.html.erb (0.9ms)
Completed 200 OK in 41ms (Views: 40.2ms | ActiveRecord: 0.3ms)


Started GET "/categories" for 127.0.0.1 at 2018-06-28 19:40:07 -0300
Processing by CategoriesController#index as HTML
  Rendering categories/index.html.erb within layouts/application
  [1m[36mCategory Load (0.3ms)[0m  [1m[34mSELECT "categories".* FROM "categories"[0m
  ↳ app/views/categories/index.html.erb:15
  Rendered categories/index.html.erb within layouts/application (1.5ms)
  Rendered layouts/_menu.html.erb (1.0ms)
Completed 200 OK in 48ms (Views: 45.1ms | ActiveRecord: 0.3ms)


Started GET "/users/sign_in" for 127.0.0.1 at 2018-06-28 19:42:15 -0300
Processing by Devise::SessionsController#new as HTML
  Rendering /var/lib/gems/2.3.0/gems/devise-4.4.3/app/views/devise/sessions/new.html.erb within layouts/application
  Rendered /var/lib/gems/2.3.0/gems/devise-4.4.3/app/views/devise/shared/_links.html.erb (1.6ms)
  Rendered /var/lib/gems/2.3.0/gems/devise-4.4.3/app/views/devise/sessions/new.html.erb within layouts/application (11.0ms)
  Rendered layouts/_menu.html.erb (0.9ms)
Completed 200 OK in 80ms (Views: 57.2ms | ActiveRecord: 4.4ms)


Started GET "/users/sign_in" for 127.0.0.1 at 2018-06-28 19:57:24 -0300
  [1m[35m (0.5ms)[0m  [1m[34mSELECT "schema_migrations"."version" FROM "schema_migrations" ORDER BY "schema_migrations"."version" ASC[0m
  ↳ /var/lib/gems/2.3.0/gems/activerecord-5.2.0/lib/active_record/log_subscriber.rb:98
Processing by Devise::SessionsController#new as HTML
  Rendering devise/sessions/new.html.erb within layouts/application
  Rendered devise/shared/_links.html.erb (1.2ms)
  Rendered devise/sessions/new.html.erb within layouts/application (11.6ms)
  Rendered layouts/_menu.html.erb (1.1ms)
Completed 200 OK in 246ms (Views: 220.8ms | ActiveRecord: 2.7ms)


Started GET "/users/sign_in" for 127.0.0.1 at 2018-06-28 19:58:36 -0300
Processing by Devise::SessionsController#new as HTML
  Rendering devise/sessions/new.html.erb within layouts/application
  Rendered devise/shared/_links.html.erb (7.0ms)
  Rendered devise/sessions/new.html.erb within layouts/application (11.9ms)
  Rendered layouts/_menu.html.erb (1.4ms)
Completed 200 OK in 83ms (Views: 81.0ms | ActiveRecord: 0.0ms)


Started GET "/users/sign_in" for 127.0.0.1 at 2018-06-28 19:58:55 -0300
Processing by Devise::SessionsController#new as HTML
  Rendering devise/sessions/new.html.erb within layouts/application
  Rendered devise/shared/_links.html.erb (0.8ms)
  Rendered devise/sessions/new.html.erb within layouts/application (3.0ms)
  Rendered layouts/_menu.html.erb (0.8ms)
Completed 200 OK in 40ms (Views: 38.7ms | ActiveRecord: 0.0ms)


Started GET "/users/sign_in" for 127.0.0.1 at 2018-06-28 19:58:56 -0300
Processing by Devise::SessionsController#new as HTML
  Rendering devise/sessions/new.html.erb within layouts/application
  Rendered devise/shared/_links.html.erb (0.8ms)
  Rendered devise/sessions/new.html.erb within layouts/application (3.0ms)
  Rendered layouts/_menu.html.erb (0.8ms)
Completed 200 OK in 41ms (Views: 40.2ms | ActiveRecord: 0.0ms)


Started GET "/users/sign_in" for 127.0.0.1 at 2018-06-28 20:00:38 -0300
Processing by Devise::SessionsController#new as HTML
  Rendering devise/sessions/new.html.erb within layouts/application
  Rendered devise/shared/_links.html.erb (1.7ms)
  Rendered devise/sessions/new.html.erb within layouts/application (6.4ms)
  Rendered layouts/_menu.html.erb (0.8ms)
Completed 200 OK in 63ms (Views: 60.9ms | ActiveRecord: 0.0ms)


Started GET "/users/sign_in" for 127.0.0.1 at 2018-06-28 20:00:40 -0300
Processing by Devise::SessionsController#new as HTML
  Rendering devise/sessions/new.html.erb within layouts/application
  Rendered devise/shared/_links.html.erb (0.8ms)
  Rendered devise/sessions/new.html.erb within layouts/application (3.1ms)
  Rendered layouts/_menu.html.erb (0.7ms)
Completed 200 OK in 41ms (Views: 39.7ms | ActiveRecord: 0.0ms)


Started GET "/users/sign_in" for 127.0.0.1 at 2018-06-28 20:00:54 -0300
  [1m[35m (0.5ms)[0m  [1m[34mSELECT "schema_migrations"."version" FROM "schema_migrations" ORDER BY "schema_migrations"."version" ASC[0m
  ↳ /var/lib/gems/2.3.0/gems/activerecord-5.2.0/lib/active_record/log_subscriber.rb:98
Processing by Devise::SessionsController#new as HTML
  Rendering devise/sessions/new.html.erb within layouts/application
  Rendered devise/shared/_links.html.erb (1.1ms)
  Rendered devise/sessions/new.html.erb within layouts/application (7.8ms)
  Rendered layouts/_menu.html.erb (1.4ms)
Completed 200 OK in 241ms (Views: 215.3ms | ActiveRecord: 3.1ms)


Started GET "/users/sign_up" for 127.0.0.1 at 2018-06-28 20:00:59 -0300
Processing by Devise::RegistrationsController#new as HTML
  Rendering devise/registrations/new.html.erb within layouts/application
  Rendered devise/shared/_links.html.erb (1.1ms)
  Rendered devise/registrations/new.html.erb within layouts/application (4.7ms)
  Rendered layouts/_menu.html.erb (0.7ms)
Completed 200 OK in 51ms (Views: 49.6ms | ActiveRecord: 0.0ms)


Started GET "/users/sign_up" for 127.0.0.1 at 2018-06-28 20:01:37 -0300
Processing by Devise::RegistrationsController#new as HTML
  Rendering devise/registrations/new.html.erb within layouts/application
  Rendered devise/shared/_links.html.erb (1.5ms)
  Rendered devise/registrations/new.html.erb within layouts/application (8.0ms)
  Rendered layouts/_menu.html.erb (0.8ms)
Completed 200 OK in 54ms (Views: 52.6ms | ActiveRecord: 0.0ms)


Started GET "/users/sign_up" for 127.0.0.1 at 2018-06-28 20:03:37 -0300
Processing by Devise::RegistrationsController#new as HTML
  Rendering devise/registrations/new.html.erb within layouts/application
  Rendered devise/registrations/new.html.erb within layouts/application (256.3ms)
Completed 500 Internal Server Error in 262ms (ActiveRecord: 0.0ms)


  
ActionView::Template::Error (undefined method `name_field' for #<ActionView::Helpers::FormBuilder:0x007fba24af43b8>
Did you mean?  number_field
               range_field
               time_field
               date_field):
    13: 
    14:   <div class="field">
    15:     <%= f.label :name %>
    16:     <%= f.name_field :name, autocomplete: "off" %>
    17:   </div>
    18: 
    19:   <div class="field">
  
app/views/devise/registrations/new.html.erb:16:in `block in _app_views_devise_registrations_new_html_erb___2506931998738604713_70218728410000'
app/views/devise/registrations/new.html.erb:3:in `_app_views_devise_registrations_new_html_erb___2506931998738604713_70218728410000'
Started GET "/users/sign_up" for 127.0.0.1 at 2018-06-28 20:03:47 -0300
Processing by Devise::RegistrationsController#new as HTML
  Rendering devise/registrations/new.html.erb within layouts/application
  Rendered devise/registrations/new.html.erb within layouts/application (223.6ms)
Completed 500 Internal Server Error in 227ms (ActiveRecord: 0.0ms)


  
ActionView::Template::Error (undefined method `name_field' for #<ActionView::Helpers::FormBuilder:0x007fba1007b850>
Did you mean?  number_field
               range_field
               time_field
               date_field):
    13: 
    14:   <div class="field">
    15:     <%= f.label :name %>
    16:     <%= f.name_field :name %>
    17:   </div>
    18: 
    19:   <div class="field">
  
app/views/devise/registrations/new.html.erb:16:in `block in _app_views_devise_registrations_new_html_erb___2506931998738604713_70218556402320'
app/views/devise/registrations/new.html.erb:3:in `_app_views_devise_registrations_new_html_erb___2506931998738604713_70218556402320'
Started GET "/categories" for 127.0.0.1 at 2018-06-28 20:11:35 -0300
Processing by CategoriesController#index as HTML
  Rendering categories/index.html.erb within layouts/application
  [1m[36mCategory Load (0.7ms)[0m  [1m[34mSELECT "categories".* FROM "categories"[0m
  ↳ app/views/categories/index.html.erb:19
  Rendered categories/index.html.erb within layouts/application (6.1ms)
  Rendered layouts/_menu.html.erb (0.8ms)
Completed 200 OK in 47ms (Views: 40.7ms | ActiveRecord: 3.5ms)


Started GET "/products/new" for 127.0.0.1 at 2018-06-28 20:11:37 -0300
Processing by ProductsController#new as HTML
  Rendering products/new.html.erb within layouts/application
  Rendered products/_form.html.erb (9.5ms)
  Rendered products/new.html.erb within layouts/application (10.4ms)
  Rendered layouts/_menu.html.erb (0.8ms)
Completed 200 OK in 52ms (Views: 41.4ms | ActiveRecord: 5.1ms)


Started GET "/categories" for 127.0.0.1 at 2018-06-28 20:11:38 -0300
Processing by CategoriesController#index as HTML
  Rendering categories/index.html.erb within layouts/application
  [1m[36mCategory Load (0.3ms)[0m  [1m[34mSELECT "categories".* FROM "categories"[0m
  ↳ app/views/categories/index.html.erb:19
  Rendered categories/index.html.erb within layouts/application (1.5ms)
  Rendered layouts/_menu.html.erb (0.8ms)
Completed 200 OK in 37ms (Views: 36.2ms | ActiveRecord: 0.3ms)


Started GET "/categories" for 127.0.0.1 at 2018-06-28 20:11:41 -0300
Processing by CategoriesController#index as HTML
  Rendering categories/index.html.erb within layouts/application
  [1m[36mCategory Load (0.4ms)[0m  [1m[34mSELECT "categories".* FROM "categories"[0m
  ↳ app/views/categories/index.html.erb:19
  Rendered categories/index.html.erb within layouts/application (2.3ms)
  Rendered layouts/_menu.html.erb (0.8ms)
Completed 200 OK in 52ms (Views: 50.3ms | ActiveRecord: 0.4ms)


Started GET "/products" for 127.0.0.1 at 2018-06-28 20:11:43 -0300
Processing by ProductsController#index as HTML
  Rendering products/index.html.erb within layouts/application
  [1m[36mProduct Load (0.6ms)[0m  [1m[34mSELECT "products".* FROM "products"[0m
  ↳ app/views/products/index.html.erb:20
  Rendered products/index.html.erb within layouts/application (2.6ms)
  Rendered layouts/_menu.html.erb (0.8ms)
Completed 200 OK in 50ms (Views: 47.7ms | ActiveRecord: 0.6ms)


Started GET "/categories" for 127.0.0.1 at 2018-06-28 20:11:44 -0300
Processing by CategoriesController#index as HTML
  Rendering categories/index.html.erb within layouts/application
  [1m[36mCategory Load (0.4ms)[0m  [1m[34mSELECT "categories".* FROM "categories"[0m
  ↳ app/views/categories/index.html.erb:19
  Rendered categories/index.html.erb within layouts/application (2.5ms)
  Rendered layouts/_menu.html.erb (0.8ms)
Completed 200 OK in 49ms (Views: 46.7ms | ActiveRecord: 0.4ms)


